/tmp/tmpkxss2z66/dolfin_expression_cd78800bdd0ec420b9af3eeda00d4a13.cpp: In member function ‘virtual void dolfin::dolfin_expression_cd78800bdd0ec420b9af3eeda00d4a13::eval(Eigen::Ref<Eigen::Matrix<double, -1, 1> >, Eigen::Ref<const Eigen::Matrix<double, -1, 1> >) const’:
/tmp/tmpkxss2z66/dolfin_expression_cd78800bdd0ec420b9af3eeda00d4a13.cpp:73:36: error: expression cannot be used as a function
           values[0] = x_close(1-eps) <= x[0] <= x_close(1+eps) &&y_close(1-eps) <= x[1] <= y_close(1+eps) && z_close(1-eps) <= x[2] <= z_close(1+eps) ? a*4*pi*G*mgb : 0;
                                    ^
/tmp/tmpkxss2z66/dolfin_expression_cd78800bdd0ec420b9af3eeda00d4a13.cpp:73:62: error: expression cannot be used as a function
           values[0] = x_close(1-eps) <= x[0] <= x_close(1+eps) &&y_close(1-eps) <= x[1] <= y_close(1+eps) && z_close(1-eps) <= x[2] <= z_close(1+eps) ? a*4*pi*G*mgb : 0;
                                                              ^
/tmp/tmpkxss2z66/dolfin_expression_cd78800bdd0ec420b9af3eeda00d4a13.cpp:73:79: error: expression cannot be used as a function
           values[0] = x_close(1-eps) <= x[0] <= x_close(1+eps) &&y_close(1-eps) <= x[1] <= y_close(1+eps) && z_close(1-eps) <= x[2] <= z_close(1+eps) ? a*4*pi*G*mgb : 0;
                                                                               ^
/tmp/tmpkxss2z66/dolfin_expression_cd78800bdd0ec420b9af3eeda00d4a13.cpp:73:105: error: expression cannot be used as a function
           values[0] = x_close(1-eps) <= x[0] <= x_close(1+eps) &&y_close(1-eps) <= x[1] <= y_close(1+eps) && z_close(1-eps) <= x[2] <= z_close(1+eps) ? a*4*pi*G*mgb : 0;
                                                                                                         ^
/tmp/tmpkxss2z66/dolfin_expression_cd78800bdd0ec420b9af3eeda00d4a13.cpp:73:123: error: expression cannot be used as a function
           values[0] = x_close(1-eps) <= x[0] <= x_close(1+eps) &&y_close(1-eps) <= x[1] <= y_close(1+eps) && z_close(1-eps) <= x[2] <= z_close(1+eps) ? a*4*pi*G*mgb : 0;
                                                                                                                           ^
/tmp/tmpkxss2z66/dolfin_expression_cd78800bdd0ec420b9af3eeda00d4a13.cpp:73:149: error: expression cannot be used as a function
           values[0] = x_close(1-eps) <= x[0] <= x_close(1+eps) &&y_close(1-eps) <= x[1] <= y_close(1+eps) && z_close(1-eps) <= x[2] <= z_close(1+eps) ? a*4*pi*G*mgb : 0;
                                                                                                                                                     ^
/tmp/tmpkxss2z66/dolfin_expression_cd78800bdd0ec420b9af3eeda00d4a13.cpp: In member function ‘virtual double dolfin::dolfin_expression_cd78800bdd0ec420b9af3eeda00d4a13::get_property(std::__cxx11::string) const’:
/tmp/tmpkxss2z66/dolfin_expression_cd78800bdd0ec420b9af3eeda00d4a13.cpp:85:11: warning: this ‘if’ clause does not guard... [-Wmisleading-indentation]
           if (name == "a") return a;          if (name == "ms") return ms;          if (name == "mgb") return mgb;          if (name == "G") return G;          if (name == "ly") return ly;          if (name == "kp") return kp;          if (name == "radius_tot") return radius_tot;          if (name == "volume_out") return volume_out;          if (name == "x_close") return x_close;          if (name == "y_close") return y_close;          if (name == "z_close") return z_close;          if (name == "eps") return eps;
           ^~
/tmp/tmpkxss2z66/dolfin_expression_cd78800bdd0ec420b9af3eeda00d4a13.cpp:85:47: note: ...this statement, but the latter is misleadingly indented as if it were guarded by the ‘if’
           if (name == "a") return a;          if (name == "ms") return ms;          if (name == "mgb") return mgb;          if (name == "G") return G;          if (name == "ly") return ly;          if (name == "kp") return kp;          if (name == "radius_tot") return radius_tot;          if (name == "volume_out") return volume_out;          if (name == "x_close") return x_close;          if (name == "y_close") return y_close;          if (name == "z_close") return z_close;          if (name == "eps") return eps;
                                               ^~
